{"C:\\Users\\vergo\\Desktop\\Node CF - 7\\CF-Node\\jestApp\\index.js": {"path":"C:\\Users\\vergo\\Desktop\\Node CF - 7\\CF-Node\\jestApp\\index.js","statementMap":{"0":{"start":{"line":1,"column":23},"end":{"line":18,"column":1}},"1":{"start":{"line":4,"column":6},"end":{"line":4,"column":19}},"2":{"start":{"line":8,"column":8},"end":{"line":8,"column":19}},"3":{"start":{"line":12,"column":8},"end":{"line":12,"column":18}},"4":{"start":{"line":16,"column":8},"end":{"line":16,"column":18}},"5":{"start":{"line":20,"column":0},"end":{"line":20,"column":31}}},"fnMap":{"0":{"name":"(anonymous_0)","decl":{"start":{"line":3,"column":9},"end":{"line":3,"column":10}},"loc":{"start":{"line":3,"column":25},"end":{"line":5,"column":5}},"line":3},"1":{"name":"(anonymous_1)","decl":{"start":{"line":7,"column":10},"end":{"line":7,"column":11}},"loc":{"start":{"line":7,"column":25},"end":{"line":9,"column":5}},"line":7},"2":{"name":"(anonymous_2)","decl":{"start":{"line":11,"column":13},"end":{"line":11,"column":14}},"loc":{"start":{"line":11,"column":27},"end":{"line":13,"column":5}},"line":11},"3":{"name":"(anonymous_3)","decl":{"start":{"line":15,"column":12},"end":{"line":15,"column":13}},"loc":{"start":{"line":15,"column":25},"end":{"line":17,"column":5}},"line":15}},"branchMap":{},"s":{"0":1,"1":2,"2":0,"3":0,"4":0,"5":1},"f":{"0":2,"1":0,"2":0,"3":0},"b":{},"_coverageSchema":"1a1c01bbd47fc00a2c39e90264f33305004495a9","hash":"b84b4dcc7d6ab540a381b3917cb11293ecf7c376"}
}
