{"C:\\Users\\vergo\\Desktop\\Node CF - 7\\CF-Node\\usersApp\\app.js": {"path":"C:\\Users\\vergo\\Desktop\\Node CF - 7\\CF-Node\\usersApp\\app.js","statementMap":{"0":{"start":{"line":1,"column":16},"end":{"line":1,"column":34}},"1":{"start":{"line":2,"column":12},"end":{"line":2,"column":21}},"2":{"start":{"line":3,"column":13},"end":{"line":3,"column":28}},"3":{"start":{"line":6,"column":0},"end":{"line":6,"column":23}},"4":{"start":{"line":7,"column":0},"end":{"line":7,"column":45}},"5":{"start":{"line":9,"column":18},"end":{"line":9,"column":47}},"6":{"start":{"line":10,"column":24},"end":{"line":10,"column":44}},"7":{"start":{"line":13,"column":13},"end":{"line":13,"column":44}},"8":{"start":{"line":14,"column":20},"end":{"line":14,"column":58}},"9":{"start":{"line":15,"column":13},"end":{"line":15,"column":44}},"10":{"start":{"line":17,"column":0},"end":{"line":20,"column":3}},"11":{"start":{"line":22,"column":0},"end":{"line":22,"column":27}},"12":{"start":{"line":23,"column":0},"end":{"line":23,"column":41}},"13":{"start":{"line":24,"column":0},"end":{"line":24,"column":25}},"14":{"start":{"line":26,"column":0},"end":{"line":26,"column":37}},"15":{"start":{"line":28,"column":0},"end":{"line":32,"column":1}},"16":{"start":{"line":34,"column":0},"end":{"line":34,"column":20}}},"fnMap":{},"branchMap":{},"s":{"0":1,"1":1,"2":1,"3":1,"4":1,"5":1,"6":1,"7":1,"8":1,"9":1,"10":1,"11":1,"12":1,"13":1,"14":1,"15":1,"16":1},"f":{},"b":{},"_coverageSchema":"1a1c01bbd47fc00a2c39e90264f33305004495a9","hash":"a7705062decf230f18e753182f62a3446c3c5bc3"}
,"C:\\Users\\vergo\\Desktop\\Node CF - 7\\CF-Node\\usersApp\\swagger.js": {"path":"C:\\Users\\vergo\\Desktop\\Node CF - 7\\CF-Node\\usersApp\\swagger.js","statementMap":{"0":{"start":{"line":1,"column":12},"end":{"line":1,"column":42}},"1":{"start":{"line":2,"column":13},"end":{"line":2,"column":43}},"2":{"start":{"line":4,"column":0},"end":{"line":257,"column":1}}},"fnMap":{},"branchMap":{},"s":{"0":1,"1":1,"2":1},"f":{},"b":{},"_coverageSchema":"1a1c01bbd47fc00a2c39e90264f33305004495a9","hash":"6cb29aa2c38aac2eefd2bae57ea8af5990093bff"}
,"C:\\Users\\vergo\\Desktop\\Node CF - 7\\CF-Node\\usersApp\\controllers\\auth.controller.js": {"path":"C:\\Users\\vergo\\Desktop\\Node CF - 7\\CF-Node\\usersApp\\controllers\\auth.controller.js","statementMap":{"0":{"start":{"line":1,"column":15},"end":{"line":1,"column":32}},"1":{"start":{"line":2,"column":13},"end":{"line":2,"column":44}},"2":{"start":{"line":4,"column":20},"end":{"line":4,"column":55}},"3":{"start":{"line":8,"column":0},"end":{"line":31,"column":1}},"4":{"start":{"line":9,"column":2},"end":{"line":9,"column":37}},"5":{"start":{"line":11,"column":19},"end":{"line":11,"column":36}},"6":{"start":{"line":12,"column":19},"end":{"line":12,"column":36}},"7":{"start":{"line":14,"column":2},"end":{"line":30,"column":3}},"8":{"start":{"line":15,"column":19},"end":{"line":15,"column":109}},"9":{"start":{"line":18,"column":20},"end":{"line":18,"column":67}},"10":{"start":{"line":21,"column":4},"end":{"line":26,"column":5}},"11":{"start":{"line":22,"column":20},"end":{"line":22,"column":59}},"12":{"start":{"line":23,"column":6},"end":{"line":23,"column":54}},"13":{"start":{"line":25,"column":6},"end":{"line":25,"column":73}},"14":{"start":{"line":28,"column":4},"end":{"line":28,"column":44}},"15":{"start":{"line":29,"column":4},"end":{"line":29,"column":54}},"16":{"start":{"line":34,"column":0},"end":{"line":49,"column":1}},"17":{"start":{"line":35,"column":15},"end":{"line":35,"column":29}},"18":{"start":{"line":37,"column":2},"end":{"line":47,"column":3}},"19":{"start":{"line":38,"column":4},"end":{"line":38,"column":82}},"20":{"start":{"line":40,"column":16},"end":{"line":40,"column":50}},"21":{"start":{"line":41,"column":4},"end":{"line":46,"column":5}},"22":{"start":{"line":42,"column":6},"end":{"line":42,"column":30}},"23":{"start":{"line":43,"column":6},"end":{"line":43,"column":54}},"24":{"start":{"line":45,"column":6},"end":{"line":45,"column":78}}},"fnMap":{"0":{"name":"(anonymous_0)","decl":{"start":{"line":8,"column":16},"end":{"line":8,"column":17}},"loc":{"start":{"line":8,"column":33},"end":{"line":31,"column":1}},"line":8},"1":{"name":"(anonymous_1)","decl":{"start":{"line":34,"column":22},"end":{"line":34,"column":23}},"loc":{"start":{"line":34,"column":40},"end":{"line":49,"column":1}},"line":34}},"branchMap":{"0":{"loc":{"start":{"line":21,"column":4},"end":{"line":26,"column":5}},"type":"if","locations":[{"start":{"line":21,"column":4},"end":{"line":26,"column":5}},{"start":{"line":24,"column":10},"end":{"line":26,"column":5}}],"line":21},"1":{"loc":{"start":{"line":21,"column":7},"end":{"line":21,"column":56}},"type":"binary-expr","locations":[{"start":{"line":21,"column":7},"end":{"line":21,"column":13}},{"start":{"line":21,"column":17},"end":{"line":21,"column":45}},{"start":{"line":21,"column":49},"end":{"line":21,"column":56}}],"line":21},"2":{"loc":{"start":{"line":37,"column":2},"end":{"line":47,"column":3}},"type":"if","locations":[{"start":{"line":37,"column":2},"end":{"line":47,"column":3}},{"start":{"line":39,"column":9},"end":{"line":47,"column":3}}],"line":37},"3":{"loc":{"start":{"line":41,"column":4},"end":{"line":46,"column":5}},"type":"if","locations":[{"start":{"line":41,"column":4},"end":{"line":46,"column":5}},{"start":{"line":44,"column":11},"end":{"line":46,"column":5}}],"line":41}},"s":{"0":1,"1":1,"2":1,"3":1,"4":0,"5":0,"6":0,"7":0,"8":0,"9":0,"10":0,"11":0,"12":0,"13":0,"14":0,"15":0,"16":1,"17":0,"18":0,"19":0,"20":0,"21":0,"22":0,"23":0,"24":0},"f":{"0":0,"1":0},"b":{"0":[0,0],"1":[0,0,0],"2":[0,0],"3":[0,0]},"_coverageSchema":"1a1c01bbd47fc00a2c39e90264f33305004495a9","hash":"dec0b48635b51e12f70bfc7aa46f9b5c458e3e37"}
,"C:\\Users\\vergo\\Desktop\\Node CF - 7\\CF-Node\\usersApp\\controllers\\user.controller.js": {"path":"C:\\Users\\vergo\\Desktop\\Node CF - 7\\CF-Node\\usersApp\\controllers\\user.controller.js","statementMap":{"0":{"start":{"line":1,"column":13},"end":{"line":1,"column":44}},"1":{"start":{"line":2,"column":20},"end":{"line":2,"column":56}},"2":{"start":{"line":3,"column":15},"end":{"line":3,"column":32}},"3":{"start":{"line":5,"column":15},"end":{"line":5,"column":42}},"4":{"start":{"line":7,"column":0},"end":{"line":23,"column":1}},"5":{"start":{"line":8,"column":2},"end":{"line":8,"column":53}},"6":{"start":{"line":10,"column":2},"end":{"line":22,"column":3}},"7":{"start":{"line":13,"column":19},"end":{"line":13,"column":46}},"8":{"start":{"line":14,"column":4},"end":{"line":14,"column":54}},"9":{"start":{"line":15,"column":4},"end":{"line":15,"column":47}},"10":{"start":{"line":19,"column":4},"end":{"line":19,"column":48}},"11":{"start":{"line":20,"column":4},"end":{"line":20,"column":54}},"12":{"start":{"line":21,"column":4},"end":{"line":21,"column":51}},"13":{"start":{"line":25,"column":0},"end":{"line":42,"column":1}},"14":{"start":{"line":26,"column":2},"end":{"line":26,"column":49}},"15":{"start":{"line":27,"column":17},"end":{"line":27,"column":36}},"16":{"start":{"line":29,"column":2},"end":{"line":41,"column":3}},"17":{"start":{"line":32,"column":21},"end":{"line":32,"column":56}},"18":{"start":{"line":33,"column":6},"end":{"line":37,"column":7}},"19":{"start":{"line":34,"column":8},"end":{"line":34,"column":57}},"20":{"start":{"line":36,"column":8},"end":{"line":36,"column":70}},"21":{"start":{"line":39,"column":4},"end":{"line":39,"column":48}},"22":{"start":{"line":40,"column":4},"end":{"line":40,"column":51}},"23":{"start":{"line":44,"column":0},"end":{"line":70,"column":1}},"24":{"start":{"line":45,"column":2},"end":{"line":45,"column":28}},"25":{"start":{"line":46,"column":13},"end":{"line":46,"column":21}},"26":{"start":{"line":48,"column":23},"end":{"line":48,"column":25}},"27":{"start":{"line":49,"column":25},"end":{"line":49,"column":71}},"28":{"start":{"line":51,"column":18},"end":{"line":61,"column":4}},"29":{"start":{"line":63,"column":2},"end":{"line":69,"column":3}},"30":{"start":{"line":64,"column":21},"end":{"line":64,"column":41}},"31":{"start":{"line":65,"column":6},"end":{"line":65,"column":55}},"32":{"start":{"line":67,"column":4},"end":{"line":67,"column":49}},"33":{"start":{"line":68,"column":4},"end":{"line":68,"column":51}},"34":{"start":{"line":72,"column":0},"end":{"line":92,"column":1}},"35":{"start":{"line":73,"column":19},"end":{"line":73,"column":36}},"36":{"start":{"line":74,"column":2},"end":{"line":74,"column":54}},"37":{"start":{"line":76,"column":20},"end":{"line":84,"column":3}},"38":{"start":{"line":85,"column":2},"end":{"line":91,"column":3}},"39":{"start":{"line":86,"column":19},"end":{"line":86,"column":94}},"40":{"start":{"line":87,"column":4},"end":{"line":87,"column":54}},"41":{"start":{"line":89,"column":4},"end":{"line":89,"column":55}},"42":{"start":{"line":90,"column":4},"end":{"line":90,"column":52}},"43":{"start":{"line":96,"column":0},"end":{"line":108,"column":1}},"44":{"start":{"line":97,"column":19},"end":{"line":97,"column":38}},"45":{"start":{"line":98,"column":2},"end":{"line":98,"column":53}},"46":{"start":{"line":100,"column":2},"end":{"line":106,"column":3}},"47":{"start":{"line":101,"column":19},"end":{"line":101,"column":68}},"48":{"start":{"line":102,"column":4},"end":{"line":102,"column":53}},"49":{"start":{"line":104,"column":4},"end":{"line":104,"column":53}},"50":{"start":{"line":105,"column":4},"end":{"line":105,"column":54}},"51":{"start":{"line":110,"column":0},"end":{"line":122,"column":1}},"52":{"start":{"line":112,"column":16},"end":{"line":112,"column":32}},"53":{"start":{"line":113,"column":2},"end":{"line":113,"column":50}},"54":{"start":{"line":115,"column":2},"end":{"line":121,"column":3}},"55":{"start":{"line":116,"column":19},"end":{"line":116,"column":63}},"56":{"start":{"line":117,"column":4},"end":{"line":117,"column":53}},"57":{"start":{"line":119,"column":4},"end":{"line":119,"column":53}},"58":{"start":{"line":120,"column":4},"end":{"line":120,"column":54}}},"fnMap":{"0":{"name":"(anonymous_0)","decl":{"start":{"line":7,"column":18},"end":{"line":7,"column":19}},"loc":{"start":{"line":7,"column":36},"end":{"line":23,"column":1}},"line":7},"1":{"name":"(anonymous_1)","decl":{"start":{"line":25,"column":18},"end":{"line":25,"column":19}},"loc":{"start":{"line":25,"column":34},"end":{"line":42,"column":1}},"line":25},"2":{"name":"(anonymous_2)","decl":{"start":{"line":44,"column":17},"end":{"line":44,"column":18}},"loc":{"start":{"line":44,"column":33},"end":{"line":70,"column":1}},"line":44},"3":{"name":"(anonymous_3)","decl":{"start":{"line":72,"column":17},"end":{"line":72,"column":18}},"loc":{"start":{"line":72,"column":34},"end":{"line":92,"column":1}},"line":72},"4":{"name":"(anonymous_4)","decl":{"start":{"line":96,"column":27},"end":{"line":96,"column":28}},"loc":{"start":{"line":96,"column":45},"end":{"line":108,"column":1}},"line":96},"5":{"name":"(anonymous_5)","decl":{"start":{"line":110,"column":24},"end":{"line":110,"column":25}},"loc":{"start":{"line":110,"column":40},"end":{"line":122,"column":1}},"line":110}},"branchMap":{"0":{"loc":{"start":{"line":33,"column":6},"end":{"line":37,"column":7}},"type":"if","locations":[{"start":{"line":33,"column":6},"end":{"line":37,"column":7}},{"start":{"line":35,"column":11},"end":{"line":37,"column":7}}],"line":33}},"s":{"0":1,"1":1,"2":1,"3":1,"4":1,"5":1,"6":1,"7":1,"8":1,"9":1,"10":0,"11":0,"12":0,"13":1,"14":1,"15":1,"16":1,"17":1,"18":1,"19":1,"20":0,"21":0,"22":0,"23":1,"24":0,"25":0,"26":0,"27":0,"28":0,"29":0,"30":0,"31":0,"32":0,"33":0,"34":1,"35":0,"36":0,"37":0,"38":0,"39":0,"40":0,"41":0,"42":0,"43":1,"44":0,"45":0,"46":0,"47":0,"48":0,"49":0,"50":0,"51":1,"52":0,"53":0,"54":0,"55":0,"56":0,"57":0,"58":0},"f":{"0":1,"1":1,"2":0,"3":0,"4":0,"5":0},"b":{"0":[1,0]},"_coverageSchema":"1a1c01bbd47fc00a2c39e90264f33305004495a9","hash":"d1b10efed45146206ff196e202d7a6b571e90269"}
,"C:\\Users\\vergo\\Desktop\\Node CF - 7\\CF-Node\\usersApp\\controllers\\user.product.controller.js": {"path":"C:\\Users\\vergo\\Desktop\\Node CF - 7\\CF-Node\\usersApp\\controllers\\user.product.controller.js","statementMap":{"0":{"start":{"line":1,"column":13},"end":{"line":1,"column":44}},"1":{"start":{"line":3,"column":0},"end":{"line":13,"column":1}},"2":{"start":{"line":4,"column":2},"end":{"line":4,"column":39}},"3":{"start":{"line":6,"column":2},"end":{"line":12,"column":3}},"4":{"start":{"line":7,"column":19},"end":{"line":7,"column":68}},"5":{"start":{"line":8,"column":4},"end":{"line":8,"column":53}},"6":{"start":{"line":10,"column":4},"end":{"line":10,"column":63}},"7":{"start":{"line":11,"column":4},"end":{"line":11,"column":54}},"8":{"start":{"line":15,"column":0},"end":{"line":26,"column":1}},"9":{"start":{"line":16,"column":2},"end":{"line":16,"column":50}},"10":{"start":{"line":17,"column":19},"end":{"line":17,"column":38}},"11":{"start":{"line":19,"column":2},"end":{"line":25,"column":3}},"12":{"start":{"line":20,"column":19},"end":{"line":20,"column":91}},"13":{"start":{"line":21,"column":4},"end":{"line":21,"column":53}},"14":{"start":{"line":23,"column":4},"end":{"line":23,"column":59}},"15":{"start":{"line":24,"column":4},"end":{"line":24,"column":54}},"16":{"start":{"line":28,"column":0},"end":{"line":48,"column":1}},"17":{"start":{"line":29,"column":2},"end":{"line":29,"column":40}},"18":{"start":{"line":30,"column":19},"end":{"line":30,"column":36}},"19":{"start":{"line":31,"column":19},"end":{"line":31,"column":36}},"20":{"start":{"line":33,"column":2},"end":{"line":46,"column":3}},"21":{"start":{"line":34,"column":19},"end":{"line":41,"column":5}},"22":{"start":{"line":42,"column":4},"end":{"line":42,"column":52}},"23":{"start":{"line":44,"column":4},"end":{"line":44,"column":31}},"24":{"start":{"line":45,"column":4},"end":{"line":45,"column":56}},"25":{"start":{"line":52,"column":0},"end":{"line":74,"column":1}},"26":{"start":{"line":53,"column":19},"end":{"line":53,"column":36}},"27":{"start":{"line":54,"column":21},"end":{"line":54,"column":41}},"28":{"start":{"line":55,"column":27},"end":{"line":55,"column":52}},"29":{"start":{"line":57,"column":2},"end":{"line":57,"column":57}},"30":{"start":{"line":59,"column":2},"end":{"line":72,"column":3}},"31":{"start":{"line":60,"column":19},"end":{"line":67,"column":5}},"32":{"start":{"line":68,"column":4},"end":{"line":68,"column":53}},"33":{"start":{"line":70,"column":4},"end":{"line":70,"column":67}},"34":{"start":{"line":71,"column":4},"end":{"line":71,"column":53}},"35":{"start":{"line":77,"column":0},"end":{"line":97,"column":1}},"36":{"start":{"line":78,"column":21},"end":{"line":78,"column":40}},"37":{"start":{"line":79,"column":23},"end":{"line":79,"column":37}},"38":{"start":{"line":81,"column":4},"end":{"line":81,"column":54}},"39":{"start":{"line":83,"column":4},"end":{"line":96,"column":5}},"40":{"start":{"line":84,"column":21},"end":{"line":91,"column":7}},"41":{"start":{"line":92,"column":6},"end":{"line":92,"column":55}},"42":{"start":{"line":94,"column":6},"end":{"line":94,"column":68}},"43":{"start":{"line":95,"column":6},"end":{"line":95,"column":55}},"44":{"start":{"line":100,"column":0},"end":{"line":138,"column":1}},"45":{"start":{"line":101,"column":2},"end":{"line":101,"column":51}},"46":{"start":{"line":103,"column":2},"end":{"line":137,"column":1}},"47":{"start":{"line":104,"column":19},"end":{"line":132,"column":6}},"48":{"start":{"line":133,"column":4},"end":{"line":133,"column":54}},"49":{"start":{"line":135,"column":4},"end":{"line":135,"column":41}},"50":{"start":{"line":136,"column":4},"end":{"line":136,"column":52}}},"fnMap":{"0":{"name":"(anonymous_0)","decl":{"start":{"line":3,"column":18},"end":{"line":3,"column":19}},"loc":{"start":{"line":3,"column":34},"end":{"line":13,"column":1}},"line":3},"1":{"name":"(anonymous_1)","decl":{"start":{"line":15,"column":18},"end":{"line":15,"column":19}},"loc":{"start":{"line":15,"column":34},"end":{"line":26,"column":1}},"line":15},"2":{"name":"(anonymous_2)","decl":{"start":{"line":28,"column":17},"end":{"line":28,"column":18}},"loc":{"start":{"line":28,"column":33},"end":{"line":48,"column":1}},"line":28},"3":{"name":"(anonymous_3)","decl":{"start":{"line":52,"column":17},"end":{"line":52,"column":18}},"loc":{"start":{"line":52,"column":35},"end":{"line":74,"column":1}},"line":52},"4":{"name":"(anonymous_4)","decl":{"start":{"line":77,"column":17},"end":{"line":77,"column":18}},"loc":{"start":{"line":77,"column":33},"end":{"line":97,"column":1}},"line":77},"5":{"name":"(anonymous_5)","decl":{"start":{"line":100,"column":17},"end":{"line":100,"column":18}},"loc":{"start":{"line":100,"column":33},"end":{"line":138,"column":1}},"line":100}},"branchMap":{},"s":{"0":1,"1":1,"2":0,"3":0,"4":0,"5":0,"6":0,"7":0,"8":1,"9":0,"10":0,"11":0,"12":0,"13":0,"14":0,"15":0,"16":1,"17":0,"18":0,"19":0,"20":0,"21":0,"22":0,"23":0,"24":0,"25":1,"26":0,"27":0,"28":0,"29":0,"30":0,"31":0,"32":0,"33":0,"34":0,"35":1,"36":0,"37":0,"38":0,"39":0,"40":0,"41":0,"42":0,"43":0,"44":1,"45":0,"46":0,"47":0,"48":0,"49":0,"50":0},"f":{"0":0,"1":0,"2":0,"3":0,"4":0,"5":0},"b":{},"_coverageSchema":"1a1c01bbd47fc00a2c39e90264f33305004495a9","hash":"e46b675936402b6a55830e6d853aa72a91faddc1"}
,"C:\\Users\\vergo\\Desktop\\Node CF - 7\\CF-Node\\usersApp\\logger\\logger.js": {"path":"C:\\Users\\vergo\\Desktop\\Node CF - 7\\CF-Node\\usersApp\\logger\\logger.js","statementMap":{"0":{"start":{"line":40,"column":0},"end":{"line":40,"column":36}},"1":{"start":{"line":41,"column":0},"end":{"line":41,"column":26}},"2":{"start":{"line":42,"column":42},"end":{"line":42,"column":60}},"3":{"start":{"line":43,"column":45},"end":{"line":43,"column":51}},"4":{"start":{"line":44,"column":17},"end":{"line":44,"column":36}},"5":{"start":{"line":46,"column":28},"end":{"line":50,"column":2}},"6":{"start":{"line":52,"column":15},"end":{"line":89,"column":2}},"7":{"start":{"line":93,"column":0},"end":{"line":93,"column":23}}},"fnMap":{},"branchMap":{},"s":{"0":1,"1":1,"2":1,"3":1,"4":1,"5":1,"6":1,"7":1},"f":{},"b":{},"_coverageSchema":"1a1c01bbd47fc00a2c39e90264f33305004495a9","hash":"dfa842bd2b2e878d7aa7bee29c7006f845115c07"}
,"C:\\Users\\vergo\\Desktop\\Node CF - 7\\CF-Node\\usersApp\\middlewares\\auth.middleware.js": {"path":"C:\\Users\\vergo\\Desktop\\Node CF - 7\\CF-Node\\usersApp\\middlewares\\auth.middleware.js","statementMap":{"0":{"start":{"line":1,"column":12},"end":{"line":1,"column":35}},"1":{"start":{"line":2,"column":20},"end":{"line":2,"column":55}},"2":{"start":{"line":5,"column":21},"end":{"line":5,"column":49}},"3":{"start":{"line":6,"column":16},"end":{"line":6,"column":54}},"4":{"start":{"line":8,"column":2},"end":{"line":10,"column":3}},"5":{"start":{"line":9,"column":4},"end":{"line":9,"column":94}},"6":{"start":{"line":12,"column":18},"end":{"line":12,"column":54}},"7":{"start":{"line":14,"column":2},"end":{"line":16,"column":3}},"8":{"start":{"line":15,"column":6},"end":{"line":15,"column":71}},"9":{"start":{"line":19,"column":2},"end":{"line":19,"column":24}},"10":{"start":{"line":20,"column":2},"end":{"line":20,"column":8}},"11":{"start":{"line":25,"column":2},"end":{"line":37,"column":3}},"12":{"start":{"line":26,"column":4},"end":{"line":28,"column":5}},"13":{"start":{"line":27,"column":6},"end":{"line":27,"column":86}},"14":{"start":{"line":30,"column":22},"end":{"line":30,"column":36}},"15":{"start":{"line":31,"column":25},"end":{"line":31,"column":56}},"16":{"start":{"line":33,"column":4},"end":{"line":35,"column":5}},"17":{"start":{"line":34,"column":6},"end":{"line":34,"column":95}},"18":{"start":{"line":36,"column":4},"end":{"line":36,"column":10}},"19":{"start":{"line":40,"column":0},"end":{"line":40,"column":45}}},"fnMap":{"0":{"name":"verifyToken","decl":{"start":{"line":4,"column":9},"end":{"line":4,"column":20}},"loc":{"start":{"line":4,"column":35},"end":{"line":21,"column":1}},"line":4},"1":{"name":"verifyRoles","decl":{"start":{"line":24,"column":9},"end":{"line":24,"column":20}},"loc":{"start":{"line":24,"column":33},"end":{"line":38,"column":1}},"line":24},"2":{"name":"(anonymous_2)","decl":{"start":{"line":25,"column":9},"end":{"line":25,"column":10}},"loc":{"start":{"line":25,"column":27},"end":{"line":37,"column":3}},"line":25}},"branchMap":{"0":{"loc":{"start":{"line":6,"column":16},"end":{"line":6,"column":54}},"type":"binary-expr","locations":[{"start":{"line":6,"column":16},"end":{"line":6,"column":26}},{"start":{"line":6,"column":30},"end":{"line":6,"column":54}}],"line":6},"1":{"loc":{"start":{"line":8,"column":2},"end":{"line":10,"column":3}},"type":"if","locations":[{"start":{"line":8,"column":2},"end":{"line":10,"column":3}},{"start":{},"end":{}}],"line":8},"2":{"loc":{"start":{"line":14,"column":2},"end":{"line":16,"column":3}},"type":"if","locations":[{"start":{"line":14,"column":2},"end":{"line":16,"column":3}},{"start":{},"end":{}}],"line":14},"3":{"loc":{"start":{"line":26,"column":4},"end":{"line":28,"column":5}},"type":"if","locations":[{"start":{"line":26,"column":4},"end":{"line":28,"column":5}},{"start":{},"end":{}}],"line":26},"4":{"loc":{"start":{"line":26,"column":7},"end":{"line":26,"column":35}},"type":"binary-expr","locations":[{"start":{"line":26,"column":7},"end":{"line":26,"column":16}},{"start":{"line":26,"column":20},"end":{"line":26,"column":35}}],"line":26},"5":{"loc":{"start":{"line":33,"column":4},"end":{"line":35,"column":5}},"type":"if","locations":[{"start":{"line":33,"column":4},"end":{"line":35,"column":5}},{"start":{},"end":{}}],"line":33}},"s":{"0":1,"1":1,"2":2,"3":2,"4":2,"5":0,"6":2,"7":2,"8":0,"9":2,"10":2,"11":4,"12":0,"13":0,"14":0,"15":0,"16":0,"17":0,"18":0,"19":1},"f":{"0":2,"1":4,"2":0},"b":{"0":[2,2],"1":[0,2],"2":[0,2],"3":[0,0],"4":[0,0],"5":[0,0]},"_coverageSchema":"1a1c01bbd47fc00a2c39e90264f33305004495a9","hash":"c96eea5b51e8bccfd237d5be769bf26744d1f24b"}
,"C:\\Users\\vergo\\Desktop\\Node CF - 7\\CF-Node\\usersApp\\models\\user.model.js": {"path":"C:\\Users\\vergo\\Desktop\\Node CF - 7\\CF-Node\\usersApp\\models\\user.model.js","statementMap":{"0":{"start":{"line":1,"column":17},"end":{"line":1,"column":36}},"1":{"start":{"line":3,"column":15},"end":{"line":3,"column":30}},"2":{"start":{"line":5,"column":20},"end":{"line":12,"column":14}},"3":{"start":{"line":14,"column":18},"end":{"line":21,"column":17}},"4":{"start":{"line":24,"column":20},"end":{"line":38,"column":2}},"5":{"start":{"line":41,"column":17},"end":{"line":83,"column":1}},"6":{"start":{"line":85,"column":0},"end":{"line":85,"column":51}}},"fnMap":{},"branchMap":{},"s":{"0":1,"1":1,"2":1,"3":1,"4":1,"5":1,"6":1},"f":{},"b":{},"_coverageSchema":"1a1c01bbd47fc00a2c39e90264f33305004495a9","hash":"984a891e1c4b3a3186464b4658a09a39071b587e"}
,"C:\\Users\\vergo\\Desktop\\Node CF - 7\\CF-Node\\usersApp\\routes\\auth.routes.js": {"path":"C:\\Users\\vergo\\Desktop\\Node CF - 7\\CF-Node\\usersApp\\routes\\auth.routes.js","statementMap":{"0":{"start":{"line":1,"column":16},"end":{"line":1,"column":34}},"1":{"start":{"line":2,"column":15},"end":{"line":2,"column":31}},"2":{"start":{"line":4,"column":23},"end":{"line":4,"column":64}},"3":{"start":{"line":6,"column":0},"end":{"line":6,"column":43}},"4":{"start":{"line":7,"column":0},"end":{"line":7,"column":58}},"5":{"start":{"line":9,"column":0},"end":{"line":9,"column":23}}},"fnMap":{},"branchMap":{},"s":{"0":1,"1":1,"2":1,"3":1,"4":1,"5":1},"f":{},"b":{},"_coverageSchema":"1a1c01bbd47fc00a2c39e90264f33305004495a9","hash":"736d379451c626eec7609aab522045e9bc919ff1"}
,"C:\\Users\\vergo\\Desktop\\Node CF - 7\\CF-Node\\usersApp\\routes\\user.product.route.js": {"path":"C:\\Users\\vergo\\Desktop\\Node CF - 7\\CF-Node\\usersApp\\routes\\user.product.route.js","statementMap":{"0":{"start":{"line":1,"column":16},"end":{"line":1,"column":34}},"1":{"start":{"line":2,"column":15},"end":{"line":2,"column":31}},"2":{"start":{"line":4,"column":30},"end":{"line":4,"column":79}},"3":{"start":{"line":6,"column":0},"end":{"line":6,"column":45}},"4":{"start":{"line":7,"column":0},"end":{"line":7,"column":55}},"5":{"start":{"line":8,"column":0},"end":{"line":8,"column":46}},"6":{"start":{"line":9,"column":0},"end":{"line":9,"column":56}},"7":{"start":{"line":10,"column":0},"end":{"line":10,"column":69}},"8":{"start":{"line":11,"column":0},"end":{"line":11,"column":57}},"9":{"start":{"line":13,"column":0},"end":{"line":13,"column":23}}},"fnMap":{},"branchMap":{},"s":{"0":1,"1":1,"2":1,"3":1,"4":1,"5":1,"6":1,"7":1,"8":1,"9":1},"f":{},"b":{},"_coverageSchema":"1a1c01bbd47fc00a2c39e90264f33305004495a9","hash":"e5b4d2caf1511b3421df4bf209615e504f08f664"}
,"C:\\Users\\vergo\\Desktop\\Node CF - 7\\CF-Node\\usersApp\\routes\\user.routes.js": {"path":"C:\\Users\\vergo\\Desktop\\Node CF - 7\\CF-Node\\usersApp\\routes\\user.routes.js","statementMap":{"0":{"start":{"line":1,"column":16},"end":{"line":1,"column":34}},"1":{"start":{"line":2,"column":15},"end":{"line":2,"column":31}},"2":{"start":{"line":4,"column":23},"end":{"line":4,"column":64}},"3":{"start":{"line":6,"column":20},"end":{"line":6,"column":73}},"4":{"start":{"line":7,"column":20},"end":{"line":7,"column":73}},"5":{"start":{"line":9,"column":0},"end":{"line":9,"column":50}},"6":{"start":{"line":10,"column":0},"end":{"line":10,"column":60}},"7":{"start":{"line":11,"column":0},"end":{"line":11,"column":74}},"8":{"start":{"line":12,"column":0},"end":{"line":12,"column":84}},"9":{"start":{"line":13,"column":0},"end":{"line":13,"column":95}},"10":{"start":{"line":14,"column":0},"end":{"line":14,"column":105}},"11":{"start":{"line":16,"column":0},"end":{"line":16,"column":23}}},"fnMap":{},"branchMap":{},"s":{"0":1,"1":1,"2":1,"3":1,"4":1,"5":1,"6":1,"7":1,"8":1,"9":1,"10":1,"11":1},"f":{},"b":{},"_coverageSchema":"1a1c01bbd47fc00a2c39e90264f33305004495a9","hash":"f25445a20f03231d6c14fa1087dd171b02adcc9d"}
,"C:\\Users\\vergo\\Desktop\\Node CF - 7\\CF-Node\\usersApp\\services\\auth.service.js": {"path":"C:\\Users\\vergo\\Desktop\\Node CF - 7\\CF-Node\\usersApp\\services\\auth.service.js","statementMap":{"0":{"start":{"line":1,"column":12},"end":{"line":1,"column":35}},"1":{"start":{"line":2,"column":25},"end":{"line":2,"column":55}},"2":{"start":{"line":6,"column":2},"end":{"line":6,"column":36}},"3":{"start":{"line":8,"column":18},"end":{"line":12,"column":3}},"4":{"start":{"line":14,"column":17},"end":{"line":14,"column":41}},"5":{"start":{"line":15,"column":18},"end":{"line":15,"column":36}},"6":{"start":{"line":17,"column":2},"end":{"line":17,"column":43}},"7":{"start":{"line":25,"column":17},"end":{"line":25,"column":41}},"8":{"start":{"line":26,"column":2},"end":{"line":32,"column":3}},"9":{"start":{"line":27,"column":22},"end":{"line":27,"column":48}},"10":{"start":{"line":28,"column":6},"end":{"line":28,"column":42}},"11":{"start":{"line":29,"column":6},"end":{"line":29,"column":46}},"12":{"start":{"line":31,"column":6},"end":{"line":31,"column":53}},"13":{"start":{"line":37,"column":2},"end":{"line":37,"column":29}},"14":{"start":{"line":38,"column":20},"end":{"line":38,"column":48}},"15":{"start":{"line":39,"column":24},"end":{"line":39,"column":56}},"16":{"start":{"line":40,"column":23},"end":{"line":40,"column":47}},"17":{"start":{"line":42,"column":23},"end":{"line":42,"column":79}},"18":{"start":{"line":45,"column":2},"end":{"line":63,"column":3}},"19":{"start":{"line":47,"column":23},"end":{"line":47,"column":56}},"20":{"start":{"line":48,"column":4},"end":{"line":48,"column":39}},"21":{"start":{"line":51,"column":19},"end":{"line":54,"column":6}},"22":{"start":{"line":56,"column":21},"end":{"line":56,"column":46}},"23":{"start":{"line":57,"column":4},"end":{"line":57,"column":40}},"24":{"start":{"line":58,"column":4},"end":{"line":58,"column":35}},"25":{"start":{"line":61,"column":4},"end":{"line":61,"column":56}},"26":{"start":{"line":62,"column":4},"end":{"line":62,"column":56}},"27":{"start":{"line":68,"column":0},"end":{"line":68,"column":69}}},"fnMap":{"0":{"name":"generateAccessToken","decl":{"start":{"line":4,"column":9},"end":{"line":4,"column":28}},"loc":{"start":{"line":4,"column":35},"end":{"line":18,"column":1}},"line":4},"1":{"name":"verifyAccessToken","decl":{"start":{"line":24,"column":9},"end":{"line":24,"column":26}},"loc":{"start":{"line":24,"column":34},"end":{"line":33,"column":1}},"line":24},"2":{"name":"googleAuth","decl":{"start":{"line":36,"column":15},"end":{"line":36,"column":25}},"loc":{"start":{"line":36,"column":31},"end":{"line":65,"column":1}},"line":36}},"branchMap":{},"s":{"0":1,"1":1,"2":2,"3":2,"4":2,"5":2,"6":2,"7":2,"8":2,"9":2,"10":2,"11":2,"12":0,"13":0,"14":0,"15":0,"16":0,"17":0,"18":0,"19":0,"20":0,"21":0,"22":0,"23":0,"24":0,"25":0,"26":0,"27":1},"f":{"0":2,"1":2,"2":0},"b":{},"_coverageSchema":"1a1c01bbd47fc00a2c39e90264f33305004495a9","hash":"b5466f151644d4881d205d870e22bbe5d7f412bb"}
,"C:\\Users\\vergo\\Desktop\\Node CF - 7\\CF-Node\\usersApp\\services\\user.services.js": {"path":"C:\\Users\\vergo\\Desktop\\Node CF - 7\\CF-Node\\usersApp\\services\\user.services.js","statementMap":{"0":{"start":{"line":1,"column":13},"end":{"line":1,"column":44}},"1":{"start":{"line":4,"column":17},"end":{"line":4,"column":28}},"2":{"start":{"line":5,"column":2},"end":{"line":5,"column":15}},"3":{"start":{"line":10,"column":16},"end":{"line":10,"column":51}},"4":{"start":{"line":11,"column":1},"end":{"line":11,"column":14}},"5":{"start":{"line":17,"column":2},"end":{"line":17,"column":40}},"6":{"start":{"line":19,"column":4},"end":{"line":26,"column":5}},"7":{"start":{"line":20,"column":21},"end":{"line":20,"column":62}},"8":{"start":{"line":21,"column":6},"end":{"line":21,"column":55}},"9":{"start":{"line":22,"column":6},"end":{"line":22,"column":22}},"10":{"start":{"line":24,"column":6},"end":{"line":24,"column":67}},"11":{"start":{"line":25,"column":6},"end":{"line":25,"column":18}},"12":{"start":{"line":30,"column":0},"end":{"line":30,"column":58}}},"fnMap":{"0":{"name":"findAll","decl":{"start":{"line":3,"column":9},"end":{"line":3,"column":16}},"loc":{"start":{"line":3,"column":18},"end":{"line":6,"column":1}},"line":3},"1":{"name":"findOne","decl":{"start":{"line":9,"column":9},"end":{"line":9,"column":16}},"loc":{"start":{"line":9,"column":26},"end":{"line":12,"column":1}},"line":9},"2":{"name":"findLasInsertedUser","decl":{"start":{"line":16,"column":15},"end":{"line":16,"column":34}},"loc":{"start":{"line":16,"column":36},"end":{"line":27,"column":1}},"line":16}},"branchMap":{},"s":{"0":1,"1":1,"2":1,"3":1,"4":1,"5":1,"6":1,"7":1,"8":1,"9":1,"10":0,"11":0,"12":1},"f":{"0":1,"1":1,"2":1},"b":{},"_coverageSchema":"1a1c01bbd47fc00a2c39e90264f33305004495a9","hash":"3ce39ab64959415e6820cfc7e008ca1f71180386"}
}
